# JRE version: OpenJDK Runtime Environment (11.0.13) (build 11.0.13+0-b1751.21-8125866)
# Java VM: OpenJDK 64-Bit Server VM (11.0.13+0-b1751.21-8125866, mixed mode, tiered, compressed oops, g1 gc, windows-amd64)
Heap:
 garbage-first heap   total 376832K, used 149351K [0x0000000080000000, 0x0000000100000000)
  region size 1024K, 41 young (41984K), 3 survivors (3072K)
 Metaspace       used 125320K, capacity 128965K, committed 129372K, reserved 1161216K
  class space    used 15563K, capacity 16954K, committed 17156K, reserved 1048576K
GC Heap History (20 events):
Event: 167.571 GC heap before
{Heap before GC invocations=50 (full 0):
 garbage-first heap   total 376832K, used 205615K [0x0000000080000000, 0x0000000100000000)
  region size 1024K, 20 young (20480K), 3 survivors (3072K)
 Metaspace       used 119803K, capacity 123120K, committed 123996K, reserved 1157120K
  class space    used 15133K, capacity 16428K, committed 16900K, reserved 1048576K
}
Event: 167.592 GC heap after
{Heap after GC invocations=51 (full 0):
 garbage-first heap   total 376832K, used 190866K [0x0000000080000000, 0x0000000100000000)
  region size 1024K, 4 young (4096K), 4 survivors (4096K)
 Metaspace       used 119803K, capacity 123120K, committed 123996K, reserved 1157120K
  class space    used 15133K, capacity 16428K, committed 16900K, reserved 1048576K
}
Event: 172.049 GC heap before
{Heap before GC invocations=52 (full 0):
 garbage-first heap   total 376832K, used 226706K [0x0000000080000000, 0x0000000100000000)
  region size 1024K, 91 young (93184K), 4 survivors (4096K)
 Metaspace       used 122991K, capacity 126345K, committed 127068K, reserved 1159168K
  class space    used 15420K, capacity 16703K, committed 17156K, reserved 1048576K
}
Event: 172.070 GC heap after
{Heap after GC invocations=53 (full 0):
 garbage-first heap   total 376832K, used 123352K [0x0000000080000000, 0x0000000100000000)
  region size 1024K, 8 young (8192K), 8 survivors (8192K)
 Metaspace       used 122991K, capacity 126345K, committed 127068K, reserved 1159168K
  class space    used 15420K, capacity 16703K, committed 17156K, reserved 1048576K
}
Event: 172.164 GC heap before
{Heap before GC invocations=53 (full 0):
 garbage-first heap   total 376832K, used 132568K [0x0000000080000000, 0x0000000100000000)
  region size 1024K, 18 young (18432K), 8 survivors (8192K)
 Metaspace       used 123003K, capacity 126345K, committed 127068K, reserved 1159168K
  class space    used 15420K, capacity 16703K, committed 17156K, reserved 1048576K
}
Event: 172.188 GC heap after
{Heap after GC invocations=54 (full 0):
 garbage-first heap   total 376832K, used 106876K [0x0000000080000000, 0x0000000100000000)
  region size 1024K, 3 young (3072K), 3 survivors (3072K)
 Metaspace       used 123003K, capacity 126345K, committed 127068K, reserved 1159168K
  class space    used 15420K, capacity 16703K, committed 17156K, reserved 1048576K
}
Event: 483.320 GC heap before
{Heap before GC invocations=54 (full 0):
 garbage-first heap   total 376832K, used 198012K [0x0000000080000000, 0x0000000100000000)
  region size 1024K, 94 young (96256K), 3 survivors (3072K)
 Metaspace       used 123680K, capacity 127056K, committed 127836K, reserved 1161216K
  class space    used 15442K, capacity 16741K, committed 17156K, reserved 1048576K
}
Event: 483.345 GC heap after
{Heap after GC invocations=55 (full 0):
 garbage-first heap   total 376832K, used 109948K [0x0000000080000000, 0x0000000100000000)
  region size 1024K, 6 young (6144K), 6 survivors (6144K)
 Metaspace       used 123680K, capacity 127056K, committed 127836K, reserved 1161216K
  class space    used 15442K, capacity 16741K, committed 17156K, reserved 1048576K
}
Event: 685.963 GC heap before
{Heap before GC invocations=56 (full 0):
 garbage-first heap   total 376832K, used 260476K [0x0000000080000000, 0x0000000100000000)
  region size 1024K, 135 young (138240K), 6 survivors (6144K)
 Metaspace       used 124173K, capacity 127623K, committed 128348K, reserved 1161216K
  class space    used 15454K, capacity 16762K, committed 17156K, reserved 1048576K
}
Event: 685.972 GC heap after
{Heap after GC invocations=57 (full 0):
 garbage-first heap   total 376832K, used 106876K [0x0000000080000000, 0x0000000100000000)
  region size 1024K, 3 young (3072K), 3 survivors (3072K)
 Metaspace       used 124173K, capacity 127623K, committed 128348K, reserved 1161216K
  class space    used 15454K, capacity 16762K, committed 17156K, reserved 1048576K
}
Event: 686.373 GC heap before
{Heap before GC invocations=57 (full 0):
 garbage-first heap   total 376832K, used 121212K [0x0000000080000000, 0x0000000100000000)
  region size 1024K, 18 young (18432K), 3 survivors (3072K)
 Metaspace       used 124250K, capacity 127722K, committed 128348K, reserved 1161216K
  class space    used 15458K, capacity 16768K, committed 17156K, reserved 1048576K
}
Event: 686.386 GC heap after
{Heap after GC invocations=58 (full 0):
 garbage-first heap   total 376832K, used 106993K [0x0000000080000000, 0x0000000100000000)
  region size 1024K, 2 young (2048K), 2 survivors (2048K)
 Metaspace       used 124250K, capacity 127722K, committed 128348K, reserved 1161216K
  class space    used 15458K, capacity 16768K, committed 17156K, reserved 1048576K
}
Event: 686.922 GC heap before
{Heap before GC invocations=58 (full 0):
 garbage-first heap   total 376832K, used 122353K [0x0000000080000000, 0x0000000100000000)
  region size 1024K, 19 young (19456K), 2 survivors (2048K)
 Metaspace       used 124374K, capacity 127853K, committed 128348K, reserved 1161216K
  class space    used 15465K, capacity 16782K, committed 17156K, reserved 1048576K
}
Event: 686.948 GC heap after
{Heap after GC invocations=59 (full 0):
 garbage-first heap   total 376832K, used 109285K [0x0000000080000000, 0x0000000100000000)
  region size 1024K, 5 young (5120K), 5 survivors (5120K)
 Metaspace       used 124374K, capacity 127853K, committed 128348K, reserved 1161216K
  class space    used 15465K, capacity 16782K, committed 17156K, reserved 1048576K
}
Event: 707.309 GC heap before
{Heap before GC invocations=60 (full 0):
 garbage-first heap   total 376832K, used 255717K [0x0000000080000000, 0x0000000100000000)
  region size 1024K, 131 young (134144K), 5 survivors (5120K)
 Metaspace       used 125221K, capacity 128809K, committed 129116K, reserved 1161216K
  class space    used 15554K, capacity 16948K, committed 17156K, reserved 1048576K
}
Event: 707.334 GC heap after
{Heap after GC invocations=61 (full 0):
 garbage-first heap   total 376832K, used 115756K [0x0000000080000000, 0x0000000100000000)
  region size 1024K, 12 young (12288K), 12 survivors (12288K)
 Metaspace       used 125221K, capacity 128809K, committed 129116K, reserved 1161216K
  class space    used 15554K, capacity 16948K, committed 17156K, reserved 1048576K
}
Event: 707.431 GC heap before
{Heap before GC invocations=61 (full 0):
 garbage-first heap   total 376832K, used 120876K [0x0000000080000000, 0x0000000100000000)
  region size 1024K, 18 young (18432K), 12 survivors (12288K)
 Metaspace       used 125267K, capacity 128951K, committed 129372K, reserved 1161216K
  class space    used 15562K, capacity 16953K, committed 17156K, reserved 1048576K
}
Event: 707.462 GC heap after
{Heap after GC invocations=62 (full 0):
 garbage-first heap   total 376832K, used 109766K [0x0000000080000000, 0x0000000100000000)
  region size 1024K, 2 young (2048K), 2 survivors (2048K)
 Metaspace       used 125267K, capacity 128951K, committed 129372K, reserved 1161216K
  class space    used 15562K, capacity 16953K, committed 17156K, reserved 1048576K
}
Event: 707.605 GC heap before
{Heap before GC invocations=62 (full 0):
 garbage-first heap   total 376832K, used 118982K [0x0000000080000000, 0x0000000100000000)
  region size 1024K, 12 young (12288K), 2 survivors (2048K)
 Metaspace       used 125281K, capacity 128955K, committed 129372K, reserved 1161216K
  class space    used 15563K, capacity 16953K, committed 17156K, reserved 1048576K
}
Event: 707.624 GC heap after
{Heap after GC invocations=63 (full 0):
 garbage-first heap   total 376832K, used 110439K [0x0000000080000000, 0x0000000100000000)
  region size 1024K, 3 young (3072K), 3 survivors (3072K)
 Metaspace       used 125281K, capacity 128955K, committed 129372K, reserved 1161216K
  class space    used 15563K, capacity 16953K, committed 17156K, reserved 1048576K
}

