# JRE version: OpenJDK Runtime Environment (11.0.13) (build 11.0.13+0-b1751.21-8125866)
# Java VM: OpenJDK 64-Bit Server VM (11.0.13+0-b1751.21-8125866, mixed mode, tiered, compressed oops, g1 gc, windows-amd64)
Heap:
 garbage-first heap   total 422912K, used 141504K [0x0000000080000000, 0x0000000100000000)
  region size 1024K, 37 young (37888K), 14 survivors (14336K)
 Metaspace       used 123041K, capacity 126574K, committed 126760K, reserved 1159168K
  class space    used 15401K, capacity 16756K, committed 16812K, reserved 1048576K
GC Heap History (20 events):
Event: 1196.006 GC heap before
{Heap before GC invocations=75 (full 0):
 garbage-first heap   total 422912K, used 294453K [0x0000000080000000, 0x0000000100000000)
  region size 1024K, 78 young (79872K), 3 survivors (3072K)
 Metaspace       used 117061K, capacity 120412K, committed 120616K, reserved 1153024K
  class space    used 14874K, capacity 16196K, committed 16300K, reserved 1048576K
}
Event: 1196.065 GC heap after
{Heap after GC invocations=76 (full 0):
 garbage-first heap   total 422912K, used 228409K [0x0000000080000000, 0x0000000100000000)
  region size 1024K, 10 young (10240K), 10 survivors (10240K)
 Metaspace       used 117061K, capacity 120412K, committed 120616K, reserved 1153024K
  class space    used 14874K, capacity 16196K, committed 16300K, reserved 1048576K
}
Event: 1196.792 GC heap before
{Heap before GC invocations=76 (full 0):
 garbage-first heap   total 422912K, used 238649K [0x0000000080000000, 0x0000000100000000)
  region size 1024K, 20 young (20480K), 10 survivors (10240K)
 Metaspace       used 117061K, capacity 120412K, committed 120616K, reserved 1153024K
  class space    used 14874K, capacity 16196K, committed 16300K, reserved 1048576K
}
Event: 1196.818 GC heap after
{Heap after GC invocations=77 (full 0):
 garbage-first heap   total 422912K, used 229020K [0x0000000080000000, 0x0000000100000000)
  region size 1024K, 1 young (1024K), 1 survivors (1024K)
 Metaspace       used 117061K, capacity 120412K, committed 120616K, reserved 1153024K
  class space    used 14874K, capacity 16196K, committed 16300K, reserved 1048576K
}
Event: 1199.470 GC heap before
{Heap before GC invocations=77 (full 0):
 garbage-first heap   total 422912K, used 249500K [0x0000000080000000, 0x0000000100000000)
  region size 1024K, 22 young (22528K), 1 survivors (1024K)
 Metaspace       used 117061K, capacity 120412K, committed 120616K, reserved 1153024K
  class space    used 14874K, capacity 16196K, committed 16300K, reserved 1048576K
}
Event: 1199.479 GC heap after
{Heap after GC invocations=78 (full 0):
 garbage-first heap   total 422912K, used 228944K [0x0000000080000000, 0x0000000100000000)
  region size 1024K, 1 young (1024K), 1 survivors (1024K)
 Metaspace       used 117061K, capacity 120412K, committed 120616K, reserved 1153024K
  class space    used 14874K, capacity 16196K, committed 16300K, reserved 1048576K
}
Event: 2251.608 GC heap before
{Heap before GC invocations=79 (full 0):
 garbage-first heap   total 422912K, used 336464K [0x0000000080000000, 0x0000000100000000)
  region size 1024K, 75 young (76800K), 1 survivors (1024K)
 Metaspace       used 117263K, capacity 120589K, committed 120872K, reserved 1155072K
  class space    used 14878K, capacity 16203K, committed 16300K, reserved 1048576K
}
Event: 2251.618 GC heap after
{Heap after GC invocations=80 (full 0):
 garbage-first heap   total 422912K, used 223784K [0x0000000080000000, 0x0000000100000000)
  region size 1024K, 2 young (2048K), 2 survivors (2048K)
 Metaspace       used 117263K, capacity 120589K, committed 120872K, reserved 1155072K
  class space    used 14878K, capacity 16203K, committed 16300K, reserved 1048576K
}
Event: 2252.164 GC heap before
{Heap before GC invocations=80 (full 0):
 garbage-first heap   total 422912K, used 241192K [0x0000000080000000, 0x0000000100000000)
  region size 1024K, 20 young (20480K), 2 survivors (2048K)
 Metaspace       used 117492K, capacity 120876K, committed 121128K, reserved 1155072K
  class space    used 14887K, capacity 16219K, committed 16300K, reserved 1048576K
}
Event: 2252.205 GC heap after
{Heap after GC invocations=81 (full 0):
 garbage-first heap   total 422912K, used 195516K [0x0000000080000000, 0x0000000100000000)
  region size 1024K, 3 young (3072K), 3 survivors (3072K)
 Metaspace       used 117492K, capacity 120876K, committed 121128K, reserved 1155072K
  class space    used 14887K, capacity 16219K, committed 16300K, reserved 1048576K
}
Event: 2252.794 GC heap before
{Heap before GC invocations=81 (full 0):
 garbage-first heap   total 422912K, used 213948K [0x0000000080000000, 0x0000000100000000)
  region size 1024K, 20 young (20480K), 3 survivors (3072K)
 Metaspace       used 118452K, capacity 121852K, committed 122024K, reserved 1155072K
  class space    used 14994K, capacity 16334K, committed 16428K, reserved 1048576K
}
Event: 2252.838 GC heap after
{Heap after GC invocations=82 (full 0):
 garbage-first heap   total 422912K, used 203222K [0x0000000080000000, 0x0000000100000000)
  region size 1024K, 3 young (3072K), 3 survivors (3072K)
 Metaspace       used 118452K, capacity 121852K, committed 122024K, reserved 1155072K
  class space    used 14994K, capacity 16334K, committed 16428K, reserved 1048576K
}
Event: 2253.514 GC heap before
{Heap before GC invocations=82 (full 0):
 garbage-first heap   total 422912K, used 235990K [0x0000000080000000, 0x0000000100000000)
  region size 1024K, 36 young (36864K), 3 survivors (3072K)
 Metaspace       used 119044K, capacity 122398K, committed 122536K, reserved 1155072K
  class space    used 15049K, capacity 16367K, committed 16428K, reserved 1048576K
}
Event: 2253.553 GC heap after
{Heap after GC invocations=83 (full 0):
 garbage-first heap   total 422912K, used 217891K [0x0000000080000000, 0x0000000100000000)
  region size 1024K, 12 young (12288K), 12 survivors (12288K)
 Metaspace       used 119044K, capacity 122398K, committed 122536K, reserved 1155072K
  class space    used 15049K, capacity 16367K, committed 16428K, reserved 1048576K
}
Event: 2730.544 GC heap before
{Heap before GC invocations=84 (full 0):
 garbage-first heap   total 422912K, used 231203K [0x0000000080000000, 0x0000000100000000)
  region size 1024K, 83 young (84992K), 12 survivors (12288K)
 Metaspace       used 122434K, capacity 125848K, committed 125992K, reserved 1159168K
  class space    used 15370K, capacity 16714K, committed 16812K, reserved 1048576K
}
Event: 2730.585 GC heap after
{Heap after GC invocations=85 (full 0):
 garbage-first heap   total 422912K, used 145947K [0x0000000080000000, 0x0000000100000000)
  region size 1024K, 4 young (4096K), 4 survivors (4096K)
 Metaspace       used 122434K, capacity 125848K, committed 125992K, reserved 1159168K
  class space    used 15370K, capacity 16714K, committed 16812K, reserved 1048576K
}
Event: 2730.943 GC heap before
{Heap before GC invocations=85 (full 0):
 garbage-first heap   total 422912K, used 161307K [0x0000000080000000, 0x0000000100000000)
  region size 1024K, 20 young (20480K), 4 survivors (4096K)
 Metaspace       used 122473K, capacity 125976K, committed 126248K, reserved 1159168K
  class space    used 15370K, capacity 16714K, committed 16812K, reserved 1048576K
}
Event: 2730.976 GC heap after
{Heap after GC invocations=86 (full 0):
 garbage-first heap   total 422912K, used 119529K [0x0000000080000000, 0x0000000100000000)
  region size 1024K, 3 young (3072K), 3 survivors (3072K)
 Metaspace       used 122473K, capacity 125976K, committed 126248K, reserved 1159168K
  class space    used 15370K, capacity 16714K, committed 16812K, reserved 1048576K
}
Event: 2751.847 GC heap before
{Heap before GC invocations=86 (full 0):
 garbage-first heap   total 422912K, used 232169K [0x0000000080000000, 0x0000000100000000)
  region size 1024K, 115 young (117760K), 3 survivors (3072K)
 Metaspace       used 123012K, capacity 126561K, committed 126760K, reserved 1159168K
  class space    used 15400K, capacity 16755K, committed 16812K, reserved 1048576K
}
Event: 2751.892 GC heap after
{Heap after GC invocations=87 (full 0):
 garbage-first heap   total 422912K, used 131264K [0x0000000080000000, 0x0000000100000000)
  region size 1024K, 14 young (14336K), 14 survivors (14336K)
 Metaspace       used 123012K, capacity 126561K, committed 126760K, reserved 1159168K
  class space    used 15400K, capacity 16755K, committed 16812K, reserved 1048576K
}

