# JRE version: OpenJDK Runtime Environment (11.0.13) (build 11.0.13+0-b1751.21-8125866)
# Java VM: OpenJDK 64-Bit Server VM (11.0.13+0-b1751.21-8125866, mixed mode, tiered, compressed oops, g1 gc, windows-amd64)
Heap:
 garbage-first heap   total 577536K, used 245450K [0x0000000080000000, 0x0000000100000000)
  region size 1024K, 3 young (3072K), 3 survivors (3072K)
 Metaspace       used 116743K, capacity 119990K, committed 120436K, reserved 1153024K
  class space    used 14897K, capacity 16226K, committed 16416K, reserved 1048576K
GC Heap History (20 events):
Event: 120.254 GC heap after
{Heap after GC invocations=71 (full 0):
 garbage-first heap   total 362496K, used 167162K [0x0000000080000000, 0x0000000100000000)
  region size 1024K, 3 young (3072K), 3 survivors (3072K)
 Metaspace       used 116698K, capacity 119983K, committed 120436K, reserved 1153024K
  class space    used 14897K, capacity 16226K, committed 16416K, reserved 1048576K
}
Event: 120.295 GC heap before
{Heap before GC invocations=71 (full 0):
 garbage-first heap   total 362496K, used 178426K [0x0000000080000000, 0x0000000100000000)
  region size 1024K, 15 young (15360K), 3 survivors (3072K)
 Metaspace       used 116698K, capacity 119983K, committed 120436K, reserved 1153024K
  class space    used 14897K, capacity 16226K, committed 16416K, reserved 1048576K
}
Event: 120.318 GC heap after
{Heap after GC invocations=72 (full 0):
 garbage-first heap   total 362496K, used 172181K [0x0000000080000000, 0x0000000100000000)
  region size 1024K, 8 young (8192K), 8 survivors (8192K)
 Metaspace       used 116698K, capacity 119983K, committed 120436K, reserved 1153024K
  class space    used 14897K, capacity 16226K, committed 16416K, reserved 1048576K
}
Event: 121.019 GC heap before
{Heap before GC invocations=73 (full 0):
 garbage-first heap   total 362496K, used 212117K [0x0000000080000000, 0x0000000100000000)
  region size 1024K, 70 young (71680K), 8 survivors (8192K)
 Metaspace       used 116699K, capacity 119983K, committed 120436K, reserved 1153024K
  class space    used 14897K, capacity 16226K, committed 16416K, reserved 1048576K
}
Event: 121.123 GC heap after
{Heap after GC invocations=74 (full 0):
 garbage-first heap   total 362496K, used 177826K [0x0000000080000000, 0x0000000100000000)
  region size 1024K, 9 young (9216K), 9 survivors (9216K)
 Metaspace       used 116699K, capacity 119983K, committed 120436K, reserved 1153024K
  class space    used 14897K, capacity 16226K, committed 16416K, reserved 1048576K
}
Event: 121.229 GC heap before
{Heap before GC invocations=74 (full 0):
 garbage-first heap   total 362496K, used 186018K [0x0000000080000000, 0x0000000100000000)
  region size 1024K, 17 young (17408K), 9 survivors (9216K)
 Metaspace       used 116701K, capacity 119984K, committed 120436K, reserved 1153024K
  class space    used 14897K, capacity 16226K, committed 16416K, reserved 1048576K
}
Event: 121.296 GC heap after
{Heap after GC invocations=75 (full 0):
 garbage-first heap   total 362496K, used 164864K [0x0000000080000000, 0x0000000100000000)
  region size 1024K, 3 young (3072K), 3 survivors (3072K)
 Metaspace       used 116701K, capacity 119984K, committed 120436K, reserved 1153024K
  class space    used 14897K, capacity 16226K, committed 16416K, reserved 1048576K
}
Event: 121.463 GC heap before
{Heap before GC invocations=75 (full 0):
 garbage-first heap   total 362496K, used 179200K [0x0000000080000000, 0x0000000100000000)
  region size 1024K, 18 young (18432K), 3 survivors (3072K)
 Metaspace       used 116701K, capacity 119984K, committed 120436K, reserved 1153024K
  class space    used 14897K, capacity 16226K, committed 16416K, reserved 1048576K
}
Event: 121.492 GC heap after
{Heap after GC invocations=76 (full 0):
 garbage-first heap   total 362496K, used 173056K [0x0000000080000000, 0x0000000100000000)
  region size 1024K, 9 young (9216K), 9 survivors (9216K)
 Metaspace       used 116701K, capacity 119984K, committed 120436K, reserved 1153024K
  class space    used 14897K, capacity 16226K, committed 16416K, reserved 1048576K
}
Event: 122.203 GC heap before
{Heap before GC invocations=76 (full 0):
 garbage-first heap   total 362496K, used 235520K [0x0000000080000000, 0x0000000100000000)
  region size 1024K, 68 young (69632K), 9 survivors (9216K)
 Metaspace       used 116739K, capacity 119990K, committed 120436K, reserved 1153024K
  class space    used 14897K, capacity 16226K, committed 16416K, reserved 1048576K
}
Event: 122.268 GC heap after
{Heap after GC invocations=77 (full 0):
 garbage-first heap   total 362496K, used 191971K [0x0000000080000000, 0x0000000100000000)
  region size 1024K, 9 young (9216K), 9 survivors (9216K)
 Metaspace       used 116739K, capacity 119990K, committed 120436K, reserved 1153024K
  class space    used 14897K, capacity 16226K, committed 16416K, reserved 1048576K
}
Event: 123.224 GC heap before
{Heap before GC invocations=78 (full 0):
 garbage-first heap   total 362496K, used 261603K [0x0000000080000000, 0x0000000100000000)
  region size 1024K, 65 young (66560K), 9 survivors (9216K)
 Metaspace       used 116742K, capacity 119990K, committed 120436K, reserved 1153024K
  class space    used 14897K, capacity 16226K, committed 16416K, reserved 1048576K
}
Event: 123.266 GC heap after
{Heap after GC invocations=79 (full 0):
 garbage-first heap   total 362496K, used 211200K [0x0000000080000000, 0x0000000100000000)
  region size 1024K, 5 young (5120K), 5 survivors (5120K)
 Metaspace       used 116742K, capacity 119990K, committed 120436K, reserved 1153024K
  class space    used 14897K, capacity 16226K, committed 16416K, reserved 1048576K
}
Event: 123.441 GC heap before
{Heap before GC invocations=79 (full 0):
 garbage-first heap   total 362496K, used 227584K [0x0000000080000000, 0x0000000100000000)
  region size 1024K, 17 young (17408K), 5 survivors (5120K)
 Metaspace       used 116742K, capacity 119990K, committed 120436K, reserved 1153024K
  class space    used 14897K, capacity 16226K, committed 16416K, reserved 1048576K
}
Event: 123.485 GC heap after
{Heap after GC invocations=80 (full 0):
 garbage-first heap   total 362496K, used 217216K [0x0000000080000000, 0x0000000100000000)
  region size 1024K, 3 young (3072K), 3 survivors (3072K)
 Metaspace       used 116742K, capacity 119990K, committed 120436K, reserved 1153024K
  class space    used 14897K, capacity 16226K, committed 16416K, reserved 1048576K
}
Event: 123.545 GC heap before
{Heap before GC invocations=80 (full 0):
 garbage-first heap   total 362496K, used 219264K [0x0000000080000000, 0x0000000100000000)
  region size 1024K, 7 young (7168K), 3 survivors (3072K)
 Metaspace       used 116742K, capacity 119990K, committed 120436K, reserved 1153024K
  class space    used 14897K, capacity 16226K, committed 16416K, reserved 1048576K
}
Event: 123.552 GC heap after
{Heap after GC invocations=81 (full 0):
 garbage-first heap   total 362496K, used 218694K [0x0000000080000000, 0x0000000100000000)
  region size 1024K, 4 young (4096K), 4 survivors (4096K)
 Metaspace       used 116742K, capacity 119990K, committed 120436K, reserved 1153024K
  class space    used 14897K, capacity 16226K, committed 16416K, reserved 1048576K
}
Event: 123.891 GC heap before
{Heap before GC invocations=81 (full 0):
 garbage-first heap   total 362496K, used 276038K [0x0000000080000000, 0x0000000100000000)
  region size 1024K, 53 young (54272K), 4 survivors (4096K)
 Metaspace       used 116743K, capacity 119990K, committed 120436K, reserved 1153024K
  class space    used 14897K, capacity 16226K, committed 16416K, reserved 1048576K
}
Event: 123.909 GC heap after
{Heap after GC invocations=82 (full 0):
 garbage-first heap   total 362496K, used 233472K [0x0000000080000000, 0x0000000100000000)
  region size 1024K, 7 young (7168K), 7 survivors (7168K)
 Metaspace       used 116743K, capacity 119990K, committed 120436K, reserved 1153024K
  class space    used 14897K, capacity 16226K, committed 16416K, reserved 1048576K
}
Event: 124.261 GC heap before
{Heap before GC invocations=82 (full 0):
 garbage-first heap   total 362496K, used 289792K [0x0000000080000000, 0x0000000100000000)
  region size 1024K, 53 young (54272K), 7 survivors (7168K)
 Metaspace       used 116743K, capacity 119990K, committed 120436K, reserved 1153024K
  class space    used 14897K, capacity 16226K, committed 16416K, reserved 1048576K
}

