# JRE version: OpenJDK Runtime Environment (11.0.13) (build 11.0.13+0-b1751.21-8125866)
# Java VM: OpenJDK 64-Bit Server VM (11.0.13+0-b1751.21-8125866, mixed mode, tiered, compressed oops, g1 gc, windows-amd64)
Heap:
 garbage-first heap   total 744448K, used 247645K [0x0000000080000000, 0x0000000100000000)
  region size 1024K, 8 young (8192K), 8 survivors (8192K)
 Metaspace       used 122058K, capacity 125995K, committed 126192K, reserved 1159168K
  class space    used 15203K, capacity 16727K, committed 16792K, reserved 1048576K
GC Heap History (20 events):
Event: 714.969 GC heap after
{Heap after GC invocations=132 (full 0):
 garbage-first heap   total 462848K, used 157908K [0x0000000080000000, 0x0000000100000000)
  region size 1024K, 12 young (12288K), 12 survivors (12288K)
 Metaspace       used 121954K, capacity 125835K, committed 125936K, reserved 1159168K
  class space    used 15186K, capacity 16696K, committed 16792K, reserved 1048576K
}
Event: 715.130 GC heap before
{Heap before GC invocations=132 (full 0):
 garbage-first heap   total 462848K, used 167124K [0x0000000080000000, 0x0000000100000000)
  region size 1024K, 22 young (22528K), 12 survivors (12288K)
 Metaspace       used 121981K, capacity 125900K, committed 126192K, reserved 1159168K
  class space    used 15186K, capacity 16696K, committed 16792K, reserved 1048576K
}
Event: 715.148 GC heap after
{Heap after GC invocations=133 (full 0):
 garbage-first heap   total 462848K, used 146554K [0x0000000080000000, 0x0000000100000000)
  region size 1024K, 3 young (3072K), 3 survivors (3072K)
 Metaspace       used 121981K, capacity 125900K, committed 126192K, reserved 1159168K
  class space    used 15186K, capacity 16696K, committed 16792K, reserved 1048576K
}
Event: 715.411 GC heap before
{Heap before GC invocations=133 (full 0):
 garbage-first heap   total 462848K, used 204922K [0x0000000080000000, 0x0000000100000000)
  region size 1024K, 22 young (22528K), 3 survivors (3072K)
 Metaspace       used 122049K, capacity 125993K, committed 126192K, reserved 1159168K
  class space    used 15203K, capacity 16727K, committed 16792K, reserved 1048576K
}
Event: 715.422 GC heap after
{Heap after GC invocations=134 (full 0):
 garbage-first heap   total 462848K, used 144723K [0x0000000080000000, 0x0000000100000000)
  region size 1024K, 3 young (3072K), 3 survivors (3072K)
 Metaspace       used 122049K, capacity 125993K, committed 126192K, reserved 1159168K
  class space    used 15203K, capacity 16727K, committed 16792K, reserved 1048576K
}
Event: 715.449 GC heap before
{Heap before GC invocations=134 (full 0):
 garbage-first heap   total 462848K, used 153939K [0x0000000080000000, 0x0000000100000000)
  region size 1024K, 13 young (13312K), 3 survivors (3072K)
 Metaspace       used 122049K, capacity 125993K, committed 126192K, reserved 1159168K
  class space    used 15203K, capacity 16727K, committed 16792K, reserved 1048576K
}
Event: 715.463 GC heap after
{Heap after GC invocations=135 (full 0):
 garbage-first heap   total 462848K, used 150441K [0x0000000080000000, 0x0000000100000000)
  region size 1024K, 3 young (3072K), 3 survivors (3072K)
 Metaspace       used 122049K, capacity 125993K, committed 126192K, reserved 1159168K
  class space    used 15203K, capacity 16727K, committed 16792K, reserved 1048576K
}
Event: 715.901 GC heap before
{Heap before GC invocations=135 (full 0):
 garbage-first heap   total 462848K, used 258985K [0x0000000080000000, 0x0000000100000000)
  region size 1024K, 106 young (108544K), 3 survivors (3072K)
 Metaspace       used 122050K, capacity 125993K, committed 126192K, reserved 1159168K
  class space    used 15203K, capacity 16727K, committed 16792K, reserved 1048576K
}
Event: 716.026 GC heap after
{Heap after GC invocations=136 (full 0):
 garbage-first heap   total 462848K, used 206112K [0x0000000080000000, 0x0000000100000000)
  region size 1024K, 14 young (14336K), 14 survivors (14336K)
 Metaspace       used 122050K, capacity 125993K, committed 126192K, reserved 1159168K
  class space    used 15203K, capacity 16727K, committed 16792K, reserved 1048576K
}
Event: 716.186 GC heap before
{Heap before GC invocations=137 (full 0):
 garbage-first heap   total 462848K, used 230688K [0x0000000080000000, 0x0000000100000000)
  region size 1024K, 37 young (37888K), 14 survivors (14336K)
 Metaspace       used 122057K, capacity 125995K, committed 126192K, reserved 1159168K
  class space    used 15203K, capacity 16727K, committed 16792K, reserved 1048576K
}
Event: 716.285 GC heap after
{Heap after GC invocations=138 (full 0):
 garbage-first heap   total 462848K, used 212468K [0x0000000080000000, 0x0000000100000000)
  region size 1024K, 5 young (5120K), 5 survivors (5120K)
 Metaspace       used 122057K, capacity 125995K, committed 126192K, reserved 1159168K
  class space    used 15203K, capacity 16727K, committed 16792K, reserved 1048576K
}
Event: 716.355 GC heap before
{Heap before GC invocations=138 (full 0):
 garbage-first heap   total 462848K, used 229876K [0x0000000080000000, 0x0000000100000000)
  region size 1024K, 22 young (22528K), 5 survivors (5120K)
 Metaspace       used 122057K, capacity 125995K, committed 126192K, reserved 1159168K
  class space    used 15203K, capacity 16727K, committed 16792K, reserved 1048576K
}
Event: 716.376 GC heap after
{Heap after GC invocations=139 (full 0):
 garbage-first heap   total 462848K, used 206336K [0x0000000080000000, 0x0000000100000000)
  region size 1024K, 3 young (3072K), 3 survivors (3072K)
 Metaspace       used 122057K, capacity 125995K, committed 126192K, reserved 1159168K
  class space    used 15203K, capacity 16727K, committed 16792K, reserved 1048576K
}
Event: 716.520 GC heap before
{Heap before GC invocations=139 (full 0):
 garbage-first heap   total 462848K, used 226816K [0x0000000080000000, 0x0000000100000000)
  region size 1024K, 22 young (22528K), 3 survivors (3072K)
 Metaspace       used 122057K, capacity 125995K, committed 126192K, reserved 1159168K
  class space    used 15203K, capacity 16727K, committed 16792K, reserved 1048576K
}
Event: 716.560 GC heap after
{Heap after GC invocations=140 (full 0):
 garbage-first heap   total 462848K, used 209637K [0x0000000080000000, 0x0000000100000000)
  region size 1024K, 3 young (3072K), 3 survivors (3072K)
 Metaspace       used 122057K, capacity 125995K, committed 126192K, reserved 1159168K
  class space    used 15203K, capacity 16727K, committed 16792K, reserved 1048576K
}
Event: 716.604 GC heap before
{Heap before GC invocations=140 (full 0):
 garbage-first heap   total 462848K, used 212709K [0x0000000080000000, 0x0000000100000000)
  region size 1024K, 7 young (7168K), 3 survivors (3072K)
 Metaspace       used 122058K, capacity 125995K, committed 126192K, reserved 1159168K
  class space    used 15203K, capacity 16727K, committed 16792K, reserved 1048576K
}
Event: 716.632 GC heap after
{Heap after GC invocations=141 (full 0):
 garbage-first heap   total 462848K, used 211815K [0x0000000080000000, 0x0000000100000000)
  region size 1024K, 2 young (2048K), 2 survivors (2048K)
 Metaspace       used 122058K, capacity 125995K, committed 126192K, reserved 1159168K
  class space    used 15203K, capacity 16727K, committed 16792K, reserved 1048576K
}
Event: 717.437 GC heap before
{Heap before GC invocations=141 (full 0):
 garbage-first heap   total 462848K, used 292711K [0x0000000080000000, 0x0000000100000000)
  region size 1024K, 72 young (73728K), 2 survivors (2048K)
 Metaspace       used 122058K, capacity 125995K, committed 126192K, reserved 1159168K
  class space    used 15203K, capacity 16727K, committed 16792K, reserved 1048576K
}
Event: 717.489 GC heap after
{Heap after GC invocations=142 (full 0):
 garbage-first heap   total 462848K, used 229632K [0x0000000080000000, 0x0000000100000000)
  region size 1024K, 9 young (9216K), 9 survivors (9216K)
 Metaspace       used 122058K, capacity 125995K, committed 126192K, reserved 1159168K
  class space    used 15203K, capacity 16727K, committed 16792K, reserved 1048576K
}
Event: 717.779 GC heap before
{Heap before GC invocations=143 (full 0):
 garbage-first heap   total 462848K, used 311552K [0x0000000080000000, 0x0000000100000000)
  region size 1024K, 80 young (81920K), 9 survivors (9216K)
 Metaspace       used 122058K, capacity 125995K, committed 126192K, reserved 1159168K
  class space    used 15203K, capacity 16727K, committed 16792K, reserved 1048576K
}

