# JRE version: OpenJDK Runtime Environment (11.0.13) (build 11.0.13+0-b1751.21-8125866)
# Java VM: OpenJDK 64-Bit Server VM (11.0.13+0-b1751.21-8125866, mixed mode, tiered, compressed oops, g1 gc, windows-amd64)
Heap:
 garbage-first heap   total 748544K, used 211764K [0x0000000080000000, 0x0000000100000000)
  region size 1024K, 7 young (7168K), 7 survivors (7168K)
 Metaspace       used 136049K, capacity 140840K, committed 141096K, reserved 1173504K
  class space    used 16275K, capacity 18014K, committed 18124K, reserved 1048576K
GC Heap History (20 events):
Event: 6725.310 GC heap after
{Heap after GC invocations=236 (full 0):
 garbage-first heap   total 410624K, used 120812K [0x0000000080000000, 0x0000000100000000)
  region size 1024K, 3 young (3072K), 3 survivors (3072K)
 Metaspace       used 135959K, capacity 140769K, committed 141096K, reserved 1173504K
  class space    used 16275K, capacity 18014K, committed 18124K, reserved 1048576K
}
Event: 6725.639 GC heap before
{Heap before GC invocations=236 (full 0):
 garbage-first heap   total 410624K, used 150508K [0x0000000080000000, 0x0000000100000000)
  region size 1024K, 33 young (33792K), 3 survivors (3072K)
 Metaspace       used 135966K, capacity 140769K, committed 141096K, reserved 1173504K
  class space    used 16275K, capacity 18014K, committed 18124K, reserved 1048576K
}
Event: 6725.655 GC heap after
{Heap after GC invocations=237 (full 0):
 garbage-first heap   total 410624K, used 122478K [0x0000000080000000, 0x0000000100000000)
  region size 1024K, 5 young (5120K), 5 survivors (5120K)
 Metaspace       used 135966K, capacity 140769K, committed 141096K, reserved 1173504K
  class space    used 16275K, capacity 18014K, committed 18124K, reserved 1048576K
}
Event: 6727.014 GC heap before
{Heap before GC invocations=238 (full 0):
 garbage-first heap   total 410624K, used 238190K [0x0000000080000000, 0x0000000100000000)
  region size 1024K, 123 young (125952K), 5 survivors (5120K)
 Metaspace       used 135990K, capacity 140769K, committed 141096K, reserved 1173504K
  class space    used 16275K, capacity 18014K, committed 18124K, reserved 1048576K
}
Event: 6727.034 GC heap after
{Heap after GC invocations=239 (full 0):
 garbage-first heap   total 410624K, used 122969K [0x0000000080000000, 0x0000000100000000)
  region size 1024K, 12 young (12288K), 12 survivors (12288K)
 Metaspace       used 135990K, capacity 140769K, committed 141096K, reserved 1173504K
  class space    used 16275K, capacity 18014K, committed 18124K, reserved 1048576K
}
Event: 6727.189 GC heap before
{Heap before GC invocations=239 (full 0):
 garbage-first heap   total 410624K, used 170073K [0x0000000080000000, 0x0000000100000000)
  region size 1024K, 20 young (20480K), 12 survivors (12288K)
 Metaspace       used 136001K, capacity 140769K, committed 141096K, reserved 1173504K
  class space    used 16275K, capacity 18014K, committed 18124K, reserved 1048576K
}
Event: 6727.200 GC heap after
{Heap after GC invocations=240 (full 0):
 garbage-first heap   total 410624K, used 123572K [0x0000000080000000, 0x0000000100000000)
  region size 1024K, 3 young (3072K), 3 survivors (3072K)
 Metaspace       used 136001K, capacity 140769K, committed 141096K, reserved 1173504K
  class space    used 16275K, capacity 18014K, committed 18124K, reserved 1048576K
}
Event: 6727.239 GC heap before
{Heap before GC invocations=240 (full 0):
 garbage-first heap   total 410624K, used 134836K [0x0000000080000000, 0x0000000100000000)
  region size 1024K, 15 young (15360K), 3 survivors (3072K)
 Metaspace       used 136001K, capacity 140769K, committed 141096K, reserved 1173504K
  class space    used 16275K, capacity 18014K, committed 18124K, reserved 1048576K
}
Event: 6727.253 GC heap after
{Heap after GC invocations=241 (full 0):
 garbage-first heap   total 410624K, used 128832K [0x0000000080000000, 0x0000000100000000)
  region size 1024K, 9 young (9216K), 9 survivors (9216K)
 Metaspace       used 136001K, capacity 140769K, committed 141096K, reserved 1173504K
  class space    used 16275K, capacity 18014K, committed 18124K, reserved 1048576K
}
Event: 6727.888 GC heap before
{Heap before GC invocations=242 (full 0):
 garbage-first heap   total 410624K, used 249664K [0x0000000080000000, 0x0000000100000000)
  region size 1024K, 122 young (124928K), 9 survivors (9216K)
 Metaspace       used 136013K, capacity 140769K, committed 141096K, reserved 1173504K
  class space    used 16275K, capacity 18014K, committed 18124K, reserved 1048576K
}
Event: 6728.035 GC heap after
{Heap after GC invocations=243 (full 0):
 garbage-first heap   total 410624K, used 174154K [0x0000000080000000, 0x0000000100000000)
  region size 1024K, 16 young (16384K), 16 survivors (16384K)
 Metaspace       used 136013K, capacity 140769K, committed 141096K, reserved 1173504K
  class space    used 16275K, capacity 18014K, committed 18124K, reserved 1048576K
}
Event: 6728.075 GC heap before
{Heap before GC invocations=243 (full 0):
 garbage-first heap   total 410624K, used 178250K [0x0000000080000000, 0x0000000100000000)
  region size 1024K, 20 young (20480K), 16 survivors (16384K)
 Metaspace       used 136013K, capacity 140769K, committed 141096K, reserved 1173504K
  class space    used 16275K, capacity 18014K, committed 18124K, reserved 1048576K
}
Event: 6728.181 GC heap after
{Heap after GC invocations=244 (full 0):
 garbage-first heap   total 410624K, used 175616K [0x0000000080000000, 0x0000000100000000)
  region size 1024K, 2 young (2048K), 2 survivors (2048K)
 Metaspace       used 136013K, capacity 140769K, committed 141096K, reserved 1173504K
  class space    used 16275K, capacity 18014K, committed 18124K, reserved 1048576K
}
Event: 6728.201 GC heap before
{Heap before GC invocations=244 (full 0):
 garbage-first heap   total 410624K, used 178688K [0x0000000080000000, 0x0000000100000000)
  region size 1024K, 6 young (6144K), 2 survivors (2048K)
 Metaspace       used 136036K, capacity 140776K, committed 141096K, reserved 1173504K
  class space    used 16275K, capacity 18014K, committed 18124K, reserved 1048576K
}
Event: 6728.207 GC heap after
{Heap after GC invocations=245 (full 0):
 garbage-first heap   total 410624K, used 174255K [0x0000000080000000, 0x0000000100000000)
  region size 1024K, 1 young (1024K), 1 survivors (1024K)
 Metaspace       used 136036K, capacity 140776K, committed 141096K, reserved 1173504K
  class space    used 16275K, capacity 18014K, committed 18124K, reserved 1048576K
}
Event: 6729.246 GC heap before
{Heap before GC invocations=246 (full 0):
 garbage-first heap   total 410624K, used 297135K [0x0000000080000000, 0x0000000100000000)
  region size 1024K, 102 young (104448K), 1 survivors (1024K)
 Metaspace       used 136048K, capacity 140840K, committed 141096K, reserved 1173504K
  class space    used 16275K, capacity 18014K, committed 18124K, reserved 1048576K
}
Event: 6729.287 GC heap after
{Heap after GC invocations=247 (full 0):
 garbage-first heap   total 410624K, used 203392K [0x0000000080000000, 0x0000000100000000)
  region size 1024K, 11 young (11264K), 11 survivors (11264K)
 Metaspace       used 136048K, capacity 140840K, committed 141096K, reserved 1173504K
  class space    used 16275K, capacity 18014K, committed 18124K, reserved 1048576K
}
Event: 6729.334 GC heap before
{Heap before GC invocations=247 (full 0):
 garbage-first heap   total 410624K, used 216704K [0x0000000080000000, 0x0000000100000000)
  region size 1024K, 20 young (20480K), 11 survivors (11264K)
 Metaspace       used 136049K, capacity 140840K, committed 141096K, reserved 1173504K
  class space    used 16275K, capacity 18014K, committed 18124K, reserved 1048576K
}
Event: 6729.367 GC heap after
{Heap after GC invocations=248 (full 0):
 garbage-first heap   total 410624K, used 207088K [0x0000000080000000, 0x0000000100000000)
  region size 1024K, 2 young (2048K), 2 survivors (2048K)
 Metaspace       used 136049K, capacity 140840K, committed 141096K, reserved 1173504K
  class space    used 16275K, capacity 18014K, committed 18124K, reserved 1048576K
}
Event: 6729.396 GC heap before
{Heap before GC invocations=248 (full 0):
 garbage-first heap   total 410624K, used 232688K [0x0000000080000000, 0x0000000100000000)
  region size 1024K, 28 young (28672K), 2 survivors (2048K)
 Metaspace       used 136049K, capacity 140840K, committed 141096K, reserved 1173504K
  class space    used 16275K, capacity 18014K, committed 18124K, reserved 1048576K
}

